Using pre-set license
Built from '2020.3/release' branch; Version is '2020.3.2f1 (8fd9074bf66c) revision 9427207'; Using compiler version '192528614'; Build Type 'Release'
OS: 'Windows 10 Pro; OS build 19043.1415; Version 2009; 64bit' Language: 'pt' Physical Memory: 32727 MB
BatchMode: 1, IsHumanControllingUs: 0, StartBugReporterOnCrash: 0, Is64bit: 1, IsPro: 0

 COMMAND LINE ARGUMENTS:
D:\Unity\Editors\2020.3.2f1\Editor\Unity.exe
-adb2
-batchMode
-noUpm
-name
AssetImportWorker0
-projectPath
D:/Git/Projects/SurvivalShooter/SurvivalShooter2
-logFile
Logs/AssetImportWorker0.log
-srvPort
55831
Successfully changed project path to: D:/Git/Projects/SurvivalShooter/SurvivalShooter2
D:/Git/Projects/SurvivalShooter/SurvivalShooter2
Using Asset Import Pipeline V2.
Refreshing native plugins compatible for Editor in 31.94 ms, found 0 plugins.
Preloading 0 native plugins for Editor in 0.00 ms.
Initialize engine version: 2020.3.2f1 (8fd9074bf66c)
[Subsystems] Discovering subsystems at path D:/Unity/Editors/2020.3.2f1/Editor/Data/Resources/UnitySubsystems
[Subsystems] Discovering subsystems at path D:/Git/Projects/SurvivalShooter/SurvivalShooter2/Assets
GfxDevice: creating device client; threaded=0
Direct3D:
    Version:  Direct3D 11.0 [level 11.1]
    Renderer: NVIDIA GeForce GTX 1070 (ID=0x1b81)
    Vendor:   
    VRAM:     8088 MB
    Driver:   30.0.14.9709
Shader 'WFX/Transparent Specular': fallback shader 'Particles/Alpha Blended' not found
Shader 'WFX/Transparent Diffuse': fallback shader 'Particles/Alpha Blended' not found
Initialize mono
Mono path[0] = 'D:/Unity/Editors/2020.3.2f1/Editor/Data/Managed'
Mono path[1] = 'D:/Unity/Editors/2020.3.2f1/Editor/Data/MonoBleedingEdge/lib/mono/unityjit'
Mono config path = 'D:/Unity/Editors/2020.3.2f1/Editor/Data/MonoBleedingEdge/etc'
Using monoOptions --debugger-agent=transport=dt_socket,embedding=1,server=y,suspend=n,address=127.0.0.1:56916
Begin MonoManager ReloadAssembly
Registering precompiled unity dll's ...
Register platform support module: D:/Unity/Editors/2020.3.2f1/Editor/Data/PlaybackEngines/WebGLSupport/UnityEditor.WebGL.Extensions.dll
Register platform support module: D:/Unity/Editors/2020.3.2f1/Editor/Data/PlaybackEngines/MacStandaloneSupport/UnityEditor.OSXStandalone.Extensions.dll
Register platform support module: D:/Unity/Editors/2020.3.2f1/Editor/Data/PlaybackEngines/WindowsStandaloneSupport/UnityEditor.WindowsStandalone.Extensions.dll
Register platform support module: D:/Unity/Editors/2020.3.2f1/Editor/Data/PlaybackEngines/LinuxStandaloneSupport/UnityEditor.LinuxStandalone.Extensions.dll
Registered in 0.001837 seconds.
Native extension for LinuxStandalone target not found
Native extension for WindowsStandalone target not found
Native extension for OSXStandalone target not found
Native extension for WebGL target not found
Refreshing native plugins compatible for Editor in 28.21 ms, found 0 plugins.
Preloading 0 native plugins for Editor in 0.00 ms.
Invoked RoslynAnalysisRunner static constructor.
RoslynAnalysisRunner will not be running.
RoslynAnalysisRunner has terminated.
Mono: successfully reloaded assembly
- Completed reload, in  1.994 seconds
Platform modules already initialized, skipping
Registering precompiled user dll's ...
Registered in 0.001410 seconds.
Begin MonoManager ReloadAssembly
Native extension for LinuxStandalone target not found
Native extension for WindowsStandalone target not found
Native extension for OSXStandalone target not found
Native extension for WebGL target not found
Refreshing native plugins compatible for Editor in 0.31 ms, found 0 plugins.
Preloading 0 native plugins for Editor in 0.00 ms.
Invoked RoslynAnalysisRunner static constructor.
RoslynAnalysisRunner will not be running.
RoslynAnalysisRunner has terminated.
Mono: successfully reloaded assembly
- Completed reload, in  0.865 seconds
Platform modules already initialized, skipping
========================================================================
Worker process is ready to serve import requests
Shader 'WFX/Transparent Diffuse': fallback shader 'Particles/Alpha Blended' not found
Shader 'WFX/Transparent Specular': fallback shader 'Particles/Alpha Blended' not found
Launched and connected shader compiler UnityShaderCompiler.exe after 0.22 seconds
Refreshing native plugins compatible for Editor in 0.31 ms, found 0 plugins.
Preloading 0 native plugins for Editor in 0.00 ms.
Unloading 1502 Unused Serialized files (Serialized files now loaded: 0)
System memory in use before: 78.6 MB.
System memory in use after: 78.7 MB.

Unloading 12 unused Assets to reduce memory usage. Loaded Objects now: 1953.
Total: 1.662700 ms (FindLiveObjects: 0.186100 ms CreateObjectMapping: 0.096000 ms MarkObjects: 1.312200 ms  DeleteObjects: 0.067500 ms)

========================================================================
Received Import Request.
  path: Assets/Scenes/MainMenu.unity
  artifactKey: Guid(9bdddf66edeb15947b4e981fb486766b) Importer(815301076,1909f56bfc062723c751e8b465ee728b)
Start importing Assets/Scenes/MainMenu.unity using Guid(9bdddf66edeb15947b4e981fb486766b) Importer(815301076,1909f56bfc062723c751e8b465ee728b)  -> (artifact id: '886f171d3581e07126ccefd6eacb9e9e') in 0.014740 seconds
  Import took 0.016879 seconds .

========================================================================
Received Prepare
Registering precompiled user dll's ...
Registered in 0.001426 seconds.
Begin MonoManager ReloadAssembly
Native extension for LinuxStandalone target not found
Native extension for WindowsStandalone target not found
Native extension for OSXStandalone target not found
Native extension for WebGL target not found
Refreshing native plugins compatible for Editor in 0.44 ms, found 0 plugins.
Preloading 0 native plugins for Editor in 0.00 ms.
Invoked RoslynAnalysisRunner static constructor.
RoslynAnalysisRunner will not be running.
RoslynAnalysisRunner has terminated.
Mono: successfully reloaded assembly
- Completed reload, in  0.718 seconds
Platform modules already initialized, skipping
Shader 'WFX/Transparent Diffuse': fallback shader 'Particles/Alpha Blended' not found
Shader 'WFX/Transparent Specular': fallback shader 'Particles/Alpha Blended' not found
Refreshing native plugins compatible for Editor in 0.31 ms, found 0 plugins.
Preloading 0 native plugins for Editor in 0.00 ms.
Unloading 1446 Unused Serialized files (Serialized files now loaded: 0)
System memory in use before: 73.6 MB.
System memory in use after: 73.7 MB.

Unloading 7 unused Assets to reduce memory usage. Loaded Objects now: 1957.
Total: 1.637500 ms (FindLiveObjects: 0.155300 ms CreateObjectMapping: 0.044600 ms MarkObjects: 1.386700 ms  DeleteObjects: 0.049400 ms)

========================================================================
Received Prepare
Registering precompiled user dll's ...
Registered in 0.001475 seconds.
Begin MonoManager ReloadAssembly
Native extension for LinuxStandalone target not found
Native extension for WindowsStandalone target not found
Native extension for OSXStandalone target not found
Native extension for WebGL target not found
Refreshing native plugins compatible for Editor in 0.32 ms, found 0 plugins.
Preloading 0 native plugins for Editor in 0.00 ms.
Invoked RoslynAnalysisRunner static constructor.
RoslynAnalysisRunner will not be running.
RoslynAnalysisRunner has terminated.
Mono: successfully reloaded assembly
- Completed reload, in  0.690 seconds
Platform modules already initialized, skipping
Shader 'WFX/Transparent Diffuse': fallback shader 'Particles/Alpha Blended' not found
Shader 'WFX/Transparent Specular': fallback shader 'Particles/Alpha Blended' not found
Refreshing native plugins compatible for Editor in 0.31 ms, found 0 plugins.
Preloading 0 native plugins for Editor in 0.00 ms.
Unloading 1445 Unused Serialized files (Serialized files now loaded: 0)
System memory in use before: 73.6 MB.
System memory in use after: 73.7 MB.

Unloading 7 unused Assets to reduce memory usage. Loaded Objects now: 1960.
Total: 1.737300 ms (FindLiveObjects: 0.206700 ms CreateObjectMapping: 0.063500 ms MarkObjects: 1.448900 ms  DeleteObjects: 0.016800 ms)

========================================================================
Received Prepare
Shader 'WFX/Transparent Diffuse': fallback shader 'Particles/Alpha Blended' not found
Shader 'WFX/Transparent Specular': fallback shader 'Particles/Alpha Blended' not found
Refreshing native plugins compatible for Editor in 1.04 ms, found 0 plugins.
Preloading 0 native plugins for Editor in 0.00 ms.
Unloading 5 Unused Serialized files (Serialized files now loaded: 0)
System memory in use before: 43.7 MB.
System memory in use after: 43.8 MB.

Unloading 4 unused Assets to reduce memory usage. Loaded Objects now: 1960.
Total: 1.583600 ms (FindLiveObjects: 0.153400 ms CreateObjectMapping: 0.048400 ms MarkObjects: 1.355800 ms  DeleteObjects: 0.024900 ms)

========================================================================
Received Prepare
Shader 'WFX/Transparent Diffuse': fallback shader 'Particles/Alpha Blended' not found
Shader 'WFX/Transparent Specular': fallback shader 'Particles/Alpha Blended' not found
Refreshing native plugins compatible for Editor in 1.04 ms, found 0 plugins.
Preloading 0 native plugins for Editor in 0.00 ms.
Unloading 5 Unused Serialized files (Serialized files now loaded: 0)
System memory in use before: 43.7 MB.
System memory in use after: 43.8 MB.

Unloading 4 unused Assets to reduce memory usage. Loaded Objects now: 1960.
Total: 2.627600 ms (FindLiveObjects: 0.245400 ms CreateObjectMapping: 0.088100 ms MarkObjects: 2.277300 ms  DeleteObjects: 0.015700 ms)

========================================================================
Received Import Request.
  Time since last request: 483.560833 seconds.
  path: Assets/Scenes/GameScene.unity
  artifactKey: Guid(9fc0d4010bbf28b4594072e72b8655ab) Importer(815301076,1909f56bfc062723c751e8b465ee728b)
Start importing Assets/Scenes/GameScene.unity using Guid(9fc0d4010bbf28b4594072e72b8655ab) Importer(815301076,1909f56bfc062723c751e8b465ee728b)  -> (artifact id: '75cfb86ffabffb1ea0ee6012a67340e2') in 0.010277 seconds
  Import took 0.012688 seconds .

========================================================================
Received Import Request.
  Time since last request: 6.352055 seconds.
  path: Assets/Scenes/MainMenu.unity
  artifactKey: Guid(9bdddf66edeb15947b4e981fb486766b) Importer(815301076,1909f56bfc062723c751e8b465ee728b)
Start importing Assets/Scenes/MainMenu.unity using Guid(9bdddf66edeb15947b4e981fb486766b) Importer(815301076,1909f56bfc062723c751e8b465ee728b)  -> (artifact id: '3d56d248efc2eb8a620cbee2bd296cee') in 0.002225 seconds
  Import took 0.004464 seconds .

========================================================================
Received Prepare
Registering precompiled user dll's ...
Registered in 0.001726 seconds.
Begin MonoManager ReloadAssembly
Native extension for LinuxStandalone target not found
Native extension for WindowsStandalone target not found
Native extension for OSXStandalone target not found
Native extension for WebGL target not found
Refreshing native plugins compatible for Editor in 0.31 ms, found 0 plugins.
Preloading 0 native plugins for Editor in 0.00 ms.
Invoked RoslynAnalysisRunner static constructor.
RoslynAnalysisRunner will not be running.
RoslynAnalysisRunner has terminated.
Mono: successfully reloaded assembly
- Completed reload, in  0.681 seconds
Platform modules already initialized, skipping
Shader 'WFX/Transparent Diffuse': fallback shader 'Particles/Alpha Blended' not found
Shader 'WFX/Transparent Specular': fallback shader 'Particles/Alpha Blended' not found
Refreshing native plugins compatible for Editor in 0.33 ms, found 0 plugins.
Preloading 0 native plugins for Editor in 0.00 ms.
Unloading 1445 Unused Serialized files (Serialized files now loaded: 0)
System memory in use before: 72.7 MB.
System memory in use after: 72.8 MB.

Unloading 7 unused Assets to reduce memory usage. Loaded Objects now: 1963.
Total: 1.740500 ms (FindLiveObjects: 0.148400 ms CreateObjectMapping: 0.042400 ms MarkObjects: 1.534200 ms  DeleteObjects: 0.014500 ms)

========================================================================
Received Import Request.
  Time since last request: 176.017466 seconds.
  path: Assets/Scenes/MainMenu.unity
  artifactKey: Guid(9bdddf66edeb15947b4e981fb486766b) Importer(815301076,1909f56bfc062723c751e8b465ee728b)
Start importing Assets/Scenes/MainMenu.unity using Guid(9bdddf66edeb15947b4e981fb486766b) Importer(815301076,1909f56bfc062723c751e8b465ee728b)  -> (artifact id: '5ed2480a6727cc633e5ea26bbfcf199a') in 0.014025 seconds
  Import took 0.016815 seconds .

========================================================================
Received Prepare
Registering precompiled user dll's ...
Registered in 0.003370 seconds.
Begin MonoManager ReloadAssembly
Native extension for LinuxStandalone target not found
Native extension for WindowsStandalone target not found
Native extension for OSXStandalone target not found
Native extension for WebGL target not found
Refreshing native plugins compatible for Editor in 0.32 ms, found 0 plugins.
Preloading 0 native plugins for Editor in 0.00 ms.
Invoked RoslynAnalysisRunner static constructor.
RoslynAnalysisRunner will not be running.
RoslynAnalysisRunner has terminated.
Mono: successfully reloaded assembly
- Completed reload, in  0.876 seconds
Platform modules already initialized, skipping
Shader 'WFX/Transparent Diffuse': fallback shader 'Particles/Alpha Blended' not found
Shader 'WFX/Transparent Specular': fallback shader 'Particles/Alpha Blended' not found
Refreshing native plugins compatible for Editor in 0.45 ms, found 0 plugins.
Preloading 0 native plugins for Editor in 0.00 ms.
Unloading 1445 Unused Serialized files (Serialized files now loaded: 0)
System memory in use before: 72.7 MB.
System memory in use after: 72.8 MB.

Unloading 7 unused Assets to reduce memory usage. Loaded Objects now: 1966.
Total: 1.468100 ms (FindLiveObjects: 0.200100 ms CreateObjectMapping: 0.064700 ms MarkObjects: 1.189400 ms  DeleteObjects: 0.012600 ms)

========================================================================
Received Import Request.
  Time since last request: 264.855453 seconds.
  path: Assets/Models
  artifactKey: Guid(7269e3f42c2068a4f84c7487f6cd10f4) Importer(815301076,1909f56bfc062723c751e8b465ee728b)
Start importing Assets/Models using Guid(7269e3f42c2068a4f84c7487f6cd10f4) Importer(815301076,1909f56bfc062723c751e8b465ee728b)  -> (artifact id: '7a7616babaed288821098f7feede34d6') in 0.007114 seconds
  Import took 0.009348 seconds .

========================================================================
Received Import Request.
  Time since last request: 0.002250 seconds.
  path: Assets/Models
  artifactKey: Guid(7269e3f42c2068a4f84c7487f6cd10f4) Importer(815301076,1909f56bfc062723c751e8b465ee728b)
Start importing Assets/Models using Guid(7269e3f42c2068a4f84c7487f6cd10f4) Importer(815301076,1909f56bfc062723c751e8b465ee728b)  -> (artifact id: '7a7616babaed288821098f7feede34d6') in 0.001505 seconds
  Import took 0.003704 seconds .

========================================================================
Received Import Request.
  Time since last request: 7.117429 seconds.
  path: Assets/Prefab/Characters/Enemies/NightmareEnemys/HellephantNightmare.prefab
  artifactKey: Guid(1da1c51e95dbede4e92093570a4e78bb) Importer(815301076,1909f56bfc062723c751e8b465ee728b)
Start importing Assets/Prefab/Characters/Enemies/NightmareEnemys/HellephantNightmare.prefab using Guid(1da1c51e95dbede4e92093570a4e78bb) Importer(815301076,1909f56bfc062723c751e8b465ee728b)  -> (artifact id: 'e6cc2e43ba58ebc3fe3eac2229d5eeef') in 0.254435 seconds
  Import took 0.256991 seconds .

========================================================================
Received Import Request.
  Time since last request: 2.965583 seconds.
  path: Assets/Prefab/Characters/Enemies/NightmareEnemys/ZomBearNightmare.prefab
  artifactKey: Guid(47072b5035bacde4d8d3f85f771342a0) Importer(815301076,1909f56bfc062723c751e8b465ee728b)
Start importing Assets/Prefab/Characters/Enemies/NightmareEnemys/ZomBearNightmare.prefab using Guid(47072b5035bacde4d8d3f85f771342a0) Importer(815301076,1909f56bfc062723c751e8b465ee728b)  -> (artifact id: '8ab39b192c1665886b4aa77fa3609bb3') in 0.019424 seconds
  Import took 0.022025 seconds .

========================================================================
Received Import Request.
  Time since last request: 0.888364 seconds.
  path: Assets/Prefab/Characters/Enemies/NightmareEnemys/ZombunnyNightmare.prefab
  artifactKey: Guid(ed692fb9daf7cf94cb4e07690ad67c80) Importer(815301076,1909f56bfc062723c751e8b465ee728b)
Start importing Assets/Prefab/Characters/Enemies/NightmareEnemys/ZombunnyNightmare.prefab using Guid(ed692fb9daf7cf94cb4e07690ad67c80) Importer(815301076,1909f56bfc062723c751e8b465ee728b)  -> (artifact id: '58acdd1dca015dfaf18dcd46469a60d6') in 0.018880 seconds
  Import took 0.021486 seconds .

========================================================================
Received Import Request.
  Time since last request: 1.324243 seconds.
  path: Assets/Prefab/Characters/Enemies/Zombunny.prefab
  artifactKey: Guid(239d53d3b3ff7fa4d8d5376c30f27c65) Importer(815301076,1909f56bfc062723c751e8b465ee728b)
Start importing Assets/Prefab/Characters/Enemies/Zombunny.prefab using Guid(239d53d3b3ff7fa4d8d5376c30f27c65) Importer(815301076,1909f56bfc062723c751e8b465ee728b)  -> (artifact id: '407000e336321763dae92cd65cb1c386') in 0.017929 seconds
  Import took 0.020586 seconds .

========================================================================
Received Import Request.
  Time since last request: 5.834747 seconds.
  path: ProjectSettings/TagManager.asset
  artifactKey: Guid(00000000000000003000000000000000) Importer(815301076,1909f56bfc062723c751e8b465ee728b)
Start importing ProjectSettings/TagManager.asset using Guid(00000000000000003000000000000000) Importer(815301076,1909f56bfc062723c751e8b465ee728b)  -> (artifact id: 'f1e3270c5303caaffc3c7cc36fb8fc10') in 0.006419 seconds
  Import took 0.008585 seconds .

========================================================================
Received Import Request.
  Time since last request: 0.002271 seconds.
  path: ProjectSettings/TagManager.asset
  artifactKey: Guid(00000000000000003000000000000000) Importer(815301076,1909f56bfc062723c751e8b465ee728b)
Start importing ProjectSettings/TagManager.asset using Guid(00000000000000003000000000000000) Importer(815301076,1909f56bfc062723c751e8b465ee728b)  -> (artifact id: 'f1e3270c5303caaffc3c7cc36fb8fc10') in 0.001859 seconds
  Import took 0.004481 seconds .

========================================================================
Received Import Request.
  Time since last request: 33.684781 seconds.
  path: Assets/Prefab/Characters/Player/Player.prefab
  artifactKey: Guid(dd20e92a721cc4a4cbe15ceb5fc7ad7d) Importer(815301076,1909f56bfc062723c751e8b465ee728b)
Start importing Assets/Prefab/Characters/Player/Player.prefab using Guid(dd20e92a721cc4a4cbe15ceb5fc7ad7d) Importer(815301076,1909f56bfc062723c751e8b465ee728b)  -> (artifact id: '126221685a89498887a8f647a72ab48a') in 0.066465 seconds
  Import took 0.070832 seconds .

========================================================================
Received Import Request.
  Time since last request: 0.004068 seconds.
  path: Assets/Prefab/Characters/Player/Player.prefab
  artifactKey: Guid(dd20e92a721cc4a4cbe15ceb5fc7ad7d) Importer(815301076,1909f56bfc062723c751e8b465ee728b)
Start importing Assets/Prefab/Characters/Player/Player.prefab using Guid(dd20e92a721cc4a4cbe15ceb5fc7ad7d) Importer(815301076,1909f56bfc062723c751e8b465ee728b)  -> (artifact id: '126221685a89498887a8f647a72ab48a') in 0.026698 seconds
  Import took 0.030812 seconds .

========================================================================
Received Import Request.
  Time since last request: 3.430860 seconds.
  path: Assets/Prefab/Characters/StaticCharacters
  artifactKey: Guid(f3fae4986519a484ea2ef7a1bc0d4dec) Importer(815301076,1909f56bfc062723c751e8b465ee728b)
Start importing Assets/Prefab/Characters/StaticCharacters using Guid(f3fae4986519a484ea2ef7a1bc0d4dec) Importer(815301076,1909f56bfc062723c751e8b465ee728b)  -> (artifact id: '64becdb9a846d48f515943d6a1769161') in 0.004942 seconds
  Import took 0.007529 seconds .

========================================================================
Received Import Request.
  Time since last request: 2.043947 seconds.
  path: Assets/Prefab/Characters/StaticCharacters/ZombearStatic.prefab
  artifactKey: Guid(23be532545c833e438a051ad17a4a66e) Importer(815301076,1909f56bfc062723c751e8b465ee728b)
Start importing Assets/Prefab/Characters/StaticCharacters/ZombearStatic.prefab using Guid(23be532545c833e438a051ad17a4a66e) Importer(815301076,1909f56bfc062723c751e8b465ee728b)  -> (artifact id: '4e87e97d34a48da6cdbd5ea9cc8c712b') in 0.016821 seconds
  Import took 0.019458 seconds .

========================================================================
Received Import Request.
  Time since last request: 0.004846 seconds.
  path: Assets/Prefab/Characters/StaticCharacters/ZombearStatic.prefab
  artifactKey: Guid(23be532545c833e438a051ad17a4a66e) Importer(815301076,1909f56bfc062723c751e8b465ee728b)
Start importing Assets/Prefab/Characters/StaticCharacters/ZombearStatic.prefab using Guid(23be532545c833e438a051ad17a4a66e) Importer(815301076,1909f56bfc062723c751e8b465ee728b)  -> (artifact id: '4e87e97d34a48da6cdbd5ea9cc8c712b') in 0.012813 seconds
  Import took 0.015348 seconds .

========================================================================
Received Import Request.
  Time since last request: 2.188985 seconds.
  path: Assets/Prefab/Characters/StaticCharacters/Zombunny Variant.prefab
  artifactKey: Guid(a3e397af9e21f2f4c9701ebeac53a309) Importer(815301076,1909f56bfc062723c751e8b465ee728b)
Start importing Assets/Prefab/Characters/StaticCharacters/Zombunny Variant.prefab using Guid(a3e397af9e21f2f4c9701ebeac53a309) Importer(815301076,1909f56bfc062723c751e8b465ee728b)  -> (artifact id: 'c416b035260069617be9f776964b97a4') in 0.019067 seconds
  Import took 0.022101 seconds .

========================================================================
Received Import Request.
  Time since last request: 0.005109 seconds.
  path: Assets/Prefab/Characters/StaticCharacters/Zombunny Variant.prefab
  artifactKey: Guid(a3e397af9e21f2f4c9701ebeac53a309) Importer(815301076,1909f56bfc062723c751e8b465ee728b)
Start importing Assets/Prefab/Characters/StaticCharacters/Zombunny Variant.prefab using Guid(a3e397af9e21f2f4c9701ebeac53a309) Importer(815301076,1909f56bfc062723c751e8b465ee728b)  -> (artifact id: 'c416b035260069617be9f776964b97a4') in 0.012013 seconds
  Import took 0.015035 seconds .

========================================================================
Received Prepare
Registering precompiled user dll's ...
Registered in 0.001544 seconds.
Begin MonoManager ReloadAssembly
Native extension for LinuxStandalone target not found
Native extension for WindowsStandalone target not found
Native extension for OSXStandalone target not found
Native extension for WebGL target not found
Refreshing native plugins compatible for Editor in 0.31 ms, found 0 plugins.
Preloading 0 native plugins for Editor in 0.00 ms.
Invoked RoslynAnalysisRunner static constructor.
RoslynAnalysisRunner will not be running.
RoslynAnalysisRunner has terminated.
Mono: successfully reloaded assembly
- Completed reload, in  0.738 seconds
Platform modules already initialized, skipping
Shader 'WFX/Transparent Diffuse': fallback shader 'Particles/Alpha Blended' not found
Shader 'WFX/Transparent Specular': fallback shader 'Particles/Alpha Blended' not found
Refreshing native plugins compatible for Editor in 0.31 ms, found 0 plugins.
Preloading 0 native plugins for Editor in 0.00 ms.
Unloading 1445 Unused Serialized files (Serialized files now loaded: 0)
System memory in use before: 76.0 MB.
System memory in use after: 76.1 MB.

Unloading 9 unused Assets to reduce memory usage. Loaded Objects now: 1977.
Total: 1.736500 ms (FindLiveObjects: 0.131000 ms CreateObjectMapping: 0.040600 ms MarkObjects: 1.550900 ms  DeleteObjects: 0.013300 ms)

========================================================================
Received Import Request.
  Time since last request: 57.011461 seconds.
  path: ProjectSettings/TagManager.asset
  artifactKey: Guid(00000000000000003000000000000000) Importer(815301076,1909f56bfc062723c751e8b465ee728b)
Start importing ProjectSettings/TagManager.asset using Guid(00000000000000003000000000000000) Importer(815301076,1909f56bfc062723c751e8b465ee728b)  -> (artifact id: '22022f7708a83d1b064121074b30d21e') in 0.010855 seconds
  Import took 0.013298 seconds .

========================================================================
Received Prepare
Registering precompiled user dll's ...
Registered in 0.001503 seconds.
Begin MonoManager ReloadAssembly
Native extension for LinuxStandalone target not found
Native extension for WindowsStandalone target not found
Native extension for OSXStandalone target not found
Native extension for WebGL target not found
Refreshing native plugins compatible for Editor in 0.32 ms, found 0 plugins.
Preloading 0 native plugins for Editor in 0.00 ms.
Invoked RoslynAnalysisRunner static constructor.
RoslynAnalysisRunner will not be running.
RoslynAnalysisRunner has terminated.
Mono: successfully reloaded assembly
- Completed reload, in  0.716 seconds
Platform modules already initialized, skipping
Shader 'WFX/Transparent Diffuse': fallback shader 'Particles/Alpha Blended' not found
Shader 'WFX/Transparent Specular': fallback shader 'Particles/Alpha Blended' not found
Refreshing native plugins compatible for Editor in 0.31 ms, found 0 plugins.
Preloading 0 native plugins for Editor in 0.00 ms.
Unloading 1445 Unused Serialized files (Serialized files now loaded: 0)
System memory in use before: 76.0 MB.
System memory in use after: 76.1 MB.

Unloading 8 unused Assets to reduce memory usage. Loaded Objects now: 1980.
Total: 1.647600 ms (FindLiveObjects: 0.150600 ms CreateObjectMapping: 0.047700 ms MarkObjects: 1.433700 ms  DeleteObjects: 0.014500 ms)

========================================================================
Received Import Request.
  Time since last request: 71.562063 seconds.
  path: Assets/Prefab/Characters/Player/Player.prefab
  artifactKey: Guid(dd20e92a721cc4a4cbe15ceb5fc7ad7d) Importer(815301076,1909f56bfc062723c751e8b465ee728b)
Start importing Assets/Prefab/Characters/Player/Player.prefab using Guid(dd20e92a721cc4a4cbe15ceb5fc7ad7d) Importer(815301076,1909f56bfc062723c751e8b465ee728b)  -> (artifact id: '8a2269cd0b8b0b8d7033a88fdd8a91f2') in 0.091957 seconds
  Import took 0.095374 seconds .

========================================================================
Received Import Request.
  Time since last request: 12.285231 seconds.
  path: Assets/Prefab/Characters/Enemies/Zombunny.prefab
  artifactKey: Guid(239d53d3b3ff7fa4d8d5376c30f27c65) Importer(815301076,1909f56bfc062723c751e8b465ee728b)
Start importing Assets/Prefab/Characters/Enemies/Zombunny.prefab using Guid(239d53d3b3ff7fa4d8d5376c30f27c65) Importer(815301076,1909f56bfc062723c751e8b465ee728b)  -> (artifact id: 'feb48ab030e248e85b72b98b2f5385a7') in 0.016452 seconds
  Import took 0.018997 seconds .

========================================================================
Received Import Request.
  Time since last request: 0.012842 seconds.
  path: Assets/Prefab/Characters/Enemies/Zombunny.prefab
  artifactKey: Guid(239d53d3b3ff7fa4d8d5376c30f27c65) Importer(815301076,1909f56bfc062723c751e8b465ee728b)
Start importing Assets/Prefab/Characters/Enemies/Zombunny.prefab using Guid(239d53d3b3ff7fa4d8d5376c30f27c65) Importer(815301076,1909f56bfc062723c751e8b465ee728b)  -> (artifact id: 'feb48ab030e248e85b72b98b2f5385a7') in 0.013677 seconds
  Import took 0.016275 seconds .

========================================================================
Received Import Request.
  Time since last request: 3.825497 seconds.
  path: Assets/ScriptableObjects/Enemy/Hellephant.asset
  artifactKey: Guid(9a666abac5a2fb9498456fba77a9f2f2) Importer(815301076,1909f56bfc062723c751e8b465ee728b)
Start importing Assets/ScriptableObjects/Enemy/Hellephant.asset using Guid(9a666abac5a2fb9498456fba77a9f2f2) Importer(815301076,1909f56bfc062723c751e8b465ee728b)  -> (artifact id: 'ed32047124be62ed63fd4cbaca5d0ee5') in 0.005877 seconds
  Import took 0.008223 seconds .

========================================================================
Received Import Request.
  Time since last request: 2.514594 seconds.
  path: Assets/ScriptableObjects/Enemy/HellephantNightmare.asset
  artifactKey: Guid(0a6e9093596046247be4c45a44385743) Importer(815301076,1909f56bfc062723c751e8b465ee728b)
Start importing Assets/ScriptableObjects/Enemy/HellephantNightmare.asset using Guid(0a6e9093596046247be4c45a44385743) Importer(815301076,1909f56bfc062723c751e8b465ee728b)  -> (artifact id: '4b84dbc9728a4010eb6a7417eb00b1e2') in 0.002301 seconds
  Import took 0.004636 seconds .

========================================================================
Received Import Request.
  Time since last request: 0.721696 seconds.
  path: Assets/ScriptableObjects/Enemy/ZombearNightmare.asset
  artifactKey: Guid(938fcdd23c159cb46a73f3fd79b79154) Importer(815301076,1909f56bfc062723c751e8b465ee728b)
Start importing Assets/ScriptableObjects/Enemy/ZombearNightmare.asset using Guid(938fcdd23c159cb46a73f3fd79b79154) Importer(815301076,1909f56bfc062723c751e8b465ee728b)  -> (artifact id: '1759b996407f528f3168ae2fde415609') in 0.005539 seconds
  Import took 0.007927 seconds .

========================================================================
Received Prepare
Registering precompiled user dll's ...
Registered in 0.001408 seconds.
Begin MonoManager ReloadAssembly
Native extension for LinuxStandalone target not found
Native extension for WindowsStandalone target not found
Native extension for OSXStandalone target not found
Native extension for WebGL target not found
Refreshing native plugins compatible for Editor in 0.31 ms, found 0 plugins.
Preloading 0 native plugins for Editor in 0.00 ms.
Invoked RoslynAnalysisRunner static constructor.
RoslynAnalysisRunner will not be running.
RoslynAnalysisRunner has terminated.
Mono: successfully reloaded assembly
- Completed reload, in  0.669 seconds
Platform modules already initialized, skipping
Shader 'WFX/Transparent Diffuse': fallback shader 'Particles/Alpha Blended' not found
Shader 'WFX/Transparent Specular': fallback shader 'Particles/Alpha Blended' not found
Refreshing native plugins compatible for Editor in 0.32 ms, found 0 plugins.
Preloading 0 native plugins for Editor in 0.00 ms.
Unloading 1445 Unused Serialized files (Serialized files now loaded: 0)
System memory in use before: 77.0 MB.
System memory in use after: 77.1 MB.

Unloading 7 unused Assets to reduce memory usage. Loaded Objects now: 1984.
Total: 1.678500 ms (FindLiveObjects: 0.157400 ms CreateObjectMapping: 0.044400 ms MarkObjects: 1.446500 ms  DeleteObjects: 0.029400 ms)

========================================================================
Received Prepare
Shader 'WFX/Transparent Diffuse': fallback shader 'Particles/Alpha Blended' not found
Shader 'WFX/Transparent Specular': fallback shader 'Particles/Alpha Blended' not found
Refreshing native plugins compatible for Editor in 1.04 ms, found 0 plugins.
Preloading 0 native plugins for Editor in 0.00 ms.
Unloading 5 Unused Serialized files (Serialized files now loaded: 0)
System memory in use before: 48.4 MB.
System memory in use after: 48.5 MB.

Unloading 4 unused Assets to reduce memory usage. Loaded Objects now: 1984.
Total: 1.736900 ms (FindLiveObjects: 0.195300 ms CreateObjectMapping: 0.057300 ms MarkObjects: 1.468500 ms  DeleteObjects: 0.014100 ms)

